<?xml version="1.0" encoding="UTF-8" ?>
<testsuite failures="0" time="0" errors="0" skipped="0" tests="18" name="org.neuroph.core.transfer.TanhTest">
  <properties>
    <property name="java.runtime.name" value="Java(TM) SE Runtime Environment"/>
    <property name="sun.boot.library.path" value="C:\Java\JDK17~1.0_5\jre\bin"/>
    <property name="java.vm.version" value="24.51-b03"/>
    <property name="java.vm.vendor" value="Oracle Corporation"/>
    <property name="maven.multiModuleProjectDirectory" value="C:\Projetos\soster-testes\NeuroPH"/>
    <property name="java.vendor.url" value="http://java.oracle.com/"/>
    <property name="path.separator" value=";"/>
    <property name="guice.disable.misplaced.annotation.check" value="true"/>
    <property name="java.vm.name" value="Java HotSpot(TM) 64-Bit Server VM"/>
    <property name="file.encoding.pkg" value="sun.io"/>
    <property name="user.script" value=""/>
    <property name="user.country" value="BR"/>
    <property name="sun.java.launcher" value="SUN_STANDARD"/>
    <property name="sun.os.patch.level" value="Service Pack 1"/>
    <property name="java.vm.specification.name" value="Java Virtual Machine Specification"/>
    <property name="user.dir" value="C:\Projetos\soster-testes\NeuroPH"/>
    <property name="java.runtime.version" value="1.7.0_51-b13"/>
    <property name="java.awt.graphicsenv" value="sun.awt.Win32GraphicsEnvironment"/>
    <property name="java.endorsed.dirs" value="C:\Java\JDK17~1.0_5\jre\lib\endorsed"/>
    <property name="os.arch" value="amd64"/>
    <property name="java.io.tmpdir" value="C:\Users\fsoster\AppData\Local\Temp\"/>
    <property name="line.separator" value="
"/>
    <property name="java.vm.specification.vendor" value="Oracle Corporation"/>
    <property name="user.variant" value=""/>
    <property name="os.name" value="Windows 7"/>
    <property name="classworlds.conf" value="C:\Java\apache-maven-3.3.3-bin\apache-maven-3.3.3\bin\m2.conf"/>
    <property name="sun.jnu.encoding" value="Cp1252"/>
    <property name="java.library.path" value="C:\Java\JDK17~1.0_5\bin;C:\Windows\Sun\Java\bin;C:\Windows\system32;C:\Windows;;C:\Oracle\MIDDLE~1\ORACLE~1\wlserver\server\native\win\x64;C:\Oracle\MIDDLE~1\ORACLE~1\wlserver\server\bin;C:\Oracle\MIDDLE~1\ORACLE~1\oracle_common\modules\org.apache.ant_1.9.2\bin;C:\Java\JDK17~1.0_5\\jre\bin;C:\Java\JDK17~1.0_5\\bin;C:\Windows\System32;C:\Windows;C:\Windows\System32\wbem;C:\Windows\System32\WINDOW~1\v1.0\;C:\PROGRA~1\Intel\DMIX;C:\PROGRA~2\Intel\OPENCL~1\2.0\bin\x86;C:\PROGRA~2\Intel\OPENCL~1\2.0\bin\x64;C:\PROGRA~2\Intel\OPENCL~1\2.0\bin\x86;C:\PROGRA~2\Intel\OPENCL~1\2.0\bin\x64;C:\PROGRA~1\TORTOI~1\bin;C:\PROGRA~1\SYMANT~1.CLO\PLATFO~1\;C:\Java\JDK17~1.0_5\bin;C:\Java\APACHE~1.3-B\APACHE~1.3\bin;C:\oraclexe\app\oracle\product\112~1.0\server\bin;C:\Java\JDK17~1.0_5\bin;C:\Oracle\MIDDLE~1\ORACLE~1\wlserver\server\native\win\x64\oci920_8;C:\Java\apache-maven-3.3.3-bin\apache-maven-3.3.3\bin;."/>
    <property name="java.specification.name" value="Java Platform API Specification"/>
    <property name="java.class.version" value="51.0"/>
    <property name="sun.management.compiler" value="HotSpot 64-Bit Tiered Compilers"/>
    <property name="os.version" value="6.1"/>
    <property name="user.home" value="C:\Users\fsoster"/>
    <property name="user.timezone" value="America/Sao_Paulo"/>
    <property name="java.awt.printerjob" value="sun.awt.windows.WPrinterJob"/>
    <property name="java.specification.version" value="1.7"/>
    <property name="file.encoding" value="Cp1252"/>
    <property name="user.name" value="fsoster"/>
    <property name="java.class.path" value="C:\Java\apache-maven-3.3.3-bin\apache-maven-3.3.3\boot\plexus-classworlds-2.5.2.jar"/>
    <property name="java.vm.specification.version" value="1.7"/>
    <property name="sun.arch.data.model" value="64"/>
    <property name="java.home" value="C:\Java\JDK17~1.0_5\jre"/>
    <property name="sun.java.command" value="org.codehaus.plexus.classworlds.launcher.Launcher clean install"/>
    <property name="java.specification.vendor" value="Oracle Corporation"/>
    <property name="user.language" value="pt"/>
    <property name="awt.toolkit" value="sun.awt.windows.WToolkit"/>
    <property name="java.vm.info" value="mixed mode"/>
    <property name="java.version" value="1.7.0_51"/>
    <property name="java.ext.dirs" value="C:\Java\JDK17~1.0_5\jre\lib\ext;C:\Windows\Sun\Java\lib\ext"/>
    <property name="sun.boot.class.path" value="C:\Java\JDK17~1.0_5\jre\lib\resources.jar;C:\Java\JDK17~1.0_5\jre\lib\rt.jar;C:\Java\JDK17~1.0_5\jre\lib\sunrsasign.jar;C:\Java\JDK17~1.0_5\jre\lib\jsse.jar;C:\Java\JDK17~1.0_5\jre\lib\jce.jar;C:\Java\JDK17~1.0_5\jre\lib\charsets.jar;C:\Java\JDK17~1.0_5\jre\lib\jfr.jar;C:\Java\JDK17~1.0_5\jre\classes"/>
    <property name="java.vendor" value="Oracle Corporation"/>
    <property name="maven.home" value="C:\Java\apache-maven-3.3.3-bin\apache-maven-3.3.3"/>
    <property name="file.separator" value="\"/>
    <property name="java.vendor.url.bug" value="http://bugreport.sun.com/bugreport/"/>
    <property name="sun.cpu.endian" value="little"/>
    <property name="sun.io.unicode.encoding" value="UnicodeLittle"/>
    <property name="sun.desktop" value="windows"/>
    <property name="sun.cpu.isalist" value="amd64"/>
  </properties>
  <testcase time="0" classname="org.neuroph.core.transfer.TanhTest" name="testGetOutput[0]"/>
  <testcase time="0" classname="org.neuroph.core.transfer.TanhTest" name="testGetDerivative[0]"/>
  <testcase time="0" classname="org.neuroph.core.transfer.TanhTest" name="testGetOutput[1]"/>
  <testcase time="0" classname="org.neuroph.core.transfer.TanhTest" name="testGetDerivative[1]"/>
  <testcase time="0" classname="org.neuroph.core.transfer.TanhTest" name="testGetOutput[2]"/>
  <testcase time="0" classname="org.neuroph.core.transfer.TanhTest" name="testGetDerivative[2]"/>
  <testcase time="0" classname="org.neuroph.core.transfer.TanhTest" name="testGetOutput[3]"/>
  <testcase time="0" classname="org.neuroph.core.transfer.TanhTest" name="testGetDerivative[3]"/>
  <testcase time="0" classname="org.neuroph.core.transfer.TanhTest" name="testGetOutput[4]"/>
  <testcase time="0" classname="org.neuroph.core.transfer.TanhTest" name="testGetDerivative[4]"/>
  <testcase time="0" classname="org.neuroph.core.transfer.TanhTest" name="testGetOutput[5]"/>
  <testcase time="0" classname="org.neuroph.core.transfer.TanhTest" name="testGetDerivative[5]"/>
  <testcase time="0" classname="org.neuroph.core.transfer.TanhTest" name="testGetOutput[6]"/>
  <testcase time="0" classname="org.neuroph.core.transfer.TanhTest" name="testGetDerivative[6]"/>
  <testcase time="0" classname="org.neuroph.core.transfer.TanhTest" name="testGetOutput[7]"/>
  <testcase time="0" classname="org.neuroph.core.transfer.TanhTest" name="testGetDerivative[7]"/>
  <testcase time="0" classname="org.neuroph.core.transfer.TanhTest" name="testGetOutput[8]"/>
  <testcase time="0" classname="org.neuroph.core.transfer.TanhTest" name="testGetDerivative[8]"/>
</testsuite>